[2020-03-14 20:19:03.012] [sharedprocess] [info] main {"machineId":"b76a095406a01b4582e26523047446febc4c285852dcb1c47ce1db94e227c12b","windowId":2}
[2020-03-14 20:19:03.241] [sharedprocess] [info] Deleted from disk tabnine.tabnine-vscode /root/.vscode/extensions/tabnine.tabnine-vscode-2.1.22
[2020-03-14 20:19:03.253] [sharedprocess] [info] Deleted from disk zhuangtongfa.material-theme /root/.vscode/extensions/zhuangtongfa.material-theme-3.2.1
[2020-03-14 20:19:04.586] [sharedprocess] [info] Installing extension: dbaeumer.vscode-eslint
[2020-03-14 20:19:04.588] [sharedprocess] [info] Installing extension: eamodio.gitlens
[2020-03-14 20:19:04.588] [sharedprocess] [info] Installing extension: ms-python.python
[2020-03-14 20:19:04.588] [sharedprocess] [info] Installing extension: redhat.vscode-yaml
[2020-03-14 20:19:04.588] [sharedprocess] [info] Installing extension: tabnine.tabnine-vscode
[2020-03-14 20:19:05.214] [sharedprocess] [info] Downloaded extension: dbaeumer.vscode-eslint /tmp/415b894a-02e3-4790-aede-433646ccc068
[2020-03-14 20:19:05.255] [sharedprocess] [info] Extracted extension to /root/.vscode/extensions/.dbaeumer.vscode-eslint-2.1.1: dbaeumer.vscode-eslint
[2020-03-14 20:19:05.255] [sharedprocess] [info] Renamed to /root/.vscode/extensions/dbaeumer.vscode-eslint-2.1.1
[2020-03-14 20:19:05.256] [sharedprocess] [info] Installation completed. dbaeumer.vscode-eslint
[2020-03-14 20:19:05.265] [sharedprocess] [info] Extensions installed successfully: dbaeumer.vscode-eslint
[2020-03-14 20:19:05.743] [sharedprocess] [info] Downloaded extension: eamodio.gitlens /tmp/21ec0d11-4877-4dca-9fed-56762dd790ee
[2020-03-14 20:19:06.296] [sharedprocess] [info] Extracted extension to /root/.vscode/extensions/.eamodio.gitlens-10.2.1: eamodio.gitlens
[2020-03-14 20:19:06.297] [sharedprocess] [info] Renamed to /root/.vscode/extensions/eamodio.gitlens-10.2.1
[2020-03-14 20:19:06.302] [sharedprocess] [info] Installation completed. eamodio.gitlens
[2020-03-14 20:19:06.312] [sharedprocess] [info] Extensions installed successfully: eamodio.gitlens
[2020-03-14 20:19:06.812] [sharedprocess] [info] Downloaded extension: redhat.vscode-yaml /tmp/48c74233-cb39-43e6-bbf5-2d61e35ff0c6
[2020-03-14 20:19:09.898] [sharedprocess] [info] Downloaded extension: ms-python.python /tmp/6b4f1f97-9739-476c-81d5-05bc365cf50b
[2020-03-14 20:19:09.923] [sharedprocess] [info] Extracted extension to /root/.vscode/extensions/.redhat.vscode-yaml-0.7.2: redhat.vscode-yaml
[2020-03-14 20:19:09.923] [sharedprocess] [info] Renamed to /root/.vscode/extensions/redhat.vscode-yaml-0.7.2
[2020-03-14 20:19:09.925] [sharedprocess] [info] Installation completed. redhat.vscode-yaml
[2020-03-14 20:19:09.935] [sharedprocess] [info] Extensions installed successfully: redhat.vscode-yaml
[2020-03-14 20:19:11.155] [sharedprocess] [info] Downloaded extension: tabnine.tabnine-vscode /tmp/c087828f-9bd0-4450-aad0-8245fcab1745
[2020-03-14 20:19:14.589] [sharedprocess] [info] Extracted extension to /root/.vscode/extensions/.tabnine.tabnine-vscode-2.2.3: tabnine.tabnine-vscode
[2020-03-14 20:19:14.589] [sharedprocess] [info] Renamed to /root/.vscode/extensions/tabnine.tabnine-vscode-2.2.3
[2020-03-14 20:19:14.590] [sharedprocess] [info] Installation completed. tabnine.tabnine-vscode
[2020-03-14 20:19:14.603] [sharedprocess] [info] Extensions installed successfully: tabnine.tabnine-vscode
[2020-03-14 20:19:17.370] [sharedprocess] [info] Extracted extension to /root/.vscode/extensions/.ms-python.python-2020.2.64397: ms-python.python
[2020-03-14 20:19:17.370] [sharedprocess] [info] Renamed to /root/.vscode/extensions/ms-python.python-2020.2.64397
[2020-03-14 20:19:17.376] [sharedprocess] [info] Installation completed. ms-python.python
[2020-03-14 20:19:17.395] [sharedprocess] [info] Extensions installed successfully: ms-python.python
[2020-03-14 20:19:43.003] [sharedprocess] [info] Starting to clean up unused language packs.
